<?xml version="1.0" encoding="UTF-8"?>
<testng-results skipped="0" failed="4" ignored="0" total="20" passed="16">
  <reporter-output>
  </reporter-output>
  <suite name="Suite" duration-ms="354039" started-at="2019-02-01T00:32:42Z" finished-at="2019-02-01T00:38:36Z">
    <groups>
    </groups>
    <test name="Test" duration-ms="354039" started-at="2019-02-01T00:32:42Z" finished-at="2019-02-01T00:38:36Z">
      <class name="com.qa.questions.ActionsClass">
        <test-method status="PASS" signature="LaunchBrowser()[pri:0, instance:com.qa.questions.ActionsClass@66d2e7d9]" name="LaunchBrowser" is-config="true" duration-ms="7726" started-at="2019-02-01T06:02:42Z" finished-at="2019-02-01T06:02:49Z">
          <reporter-output>
          </reporter-output>
        </test-method> <!-- LaunchBrowser -->
        <test-method status="PASS" signature="DragAndDrop()[pri:0, instance:com.qa.questions.ActionsClass@66d2e7d9]" name="DragAndDrop" duration-ms="3326" started-at="2019-02-01T06:02:49Z" finished-at="2019-02-01T06:02:53Z">
          <reporter-output>
          </reporter-output>
        </test-method> <!-- DragAndDrop -->
        <test-method status="PASS" signature="CloseBrowser()[pri:0, instance:com.qa.questions.ActionsClass@66d2e7d9]" name="CloseBrowser" is-config="true" duration-ms="194" started-at="2019-02-01T06:02:53Z" finished-at="2019-02-01T06:02:53Z">
          <reporter-output>
          </reporter-output>
        </test-method> <!-- CloseBrowser -->
        <test-method status="PASS" signature="LaunchBrowser()[pri:0, instance:com.qa.questions.ActionsClass@66d2e7d9]" name="LaunchBrowser" is-config="true" duration-ms="6063" started-at="2019-02-01T06:02:53Z" finished-at="2019-02-01T06:02:59Z">
          <reporter-output>
          </reporter-output>
        </test-method> <!-- LaunchBrowser -->
        <test-method status="PASS" signature="MouseHover()[pri:0, instance:com.qa.questions.ActionsClass@66d2e7d9]" name="MouseHover" duration-ms="26990" started-at="2019-02-01T06:02:59Z" finished-at="2019-02-01T06:03:26Z">
          <reporter-output>
          </reporter-output>
        </test-method> <!-- MouseHover -->
        <test-method status="PASS" signature="CloseBrowser()[pri:0, instance:com.qa.questions.ActionsClass@66d2e7d9]" name="CloseBrowser" is-config="true" duration-ms="2610" started-at="2019-02-01T06:03:26Z" finished-at="2019-02-01T06:03:29Z">
          <reporter-output>
          </reporter-output>
        </test-method> <!-- CloseBrowser -->
      </class> <!-- com.qa.questions.ActionsClass -->
      <class name="com.qa.questions.SelectClass">
        <test-method status="PASS" signature="LaunchBrowser()[pri:0, instance:com.qa.questions.SelectClass@48eff760]" name="LaunchBrowser" is-config="true" duration-ms="4532" started-at="2019-02-01T06:06:29Z" finished-at="2019-02-01T06:06:34Z">
          <reporter-output>
          </reporter-output>
        </test-method> <!-- LaunchBrowser -->
        <test-method status="PASS" signature="DropDown()[pri:0, instance:com.qa.questions.SelectClass@48eff760]" name="DropDown" duration-ms="6840" started-at="2019-02-01T06:06:34Z" finished-at="2019-02-01T06:06:41Z">
          <reporter-output>
          </reporter-output>
        </test-method> <!-- DropDown -->
        <test-method status="PASS" signature="CloseBrowser()[pri:0, instance:com.qa.questions.SelectClass@48eff760]" name="CloseBrowser" is-config="true" duration-ms="133" started-at="2019-02-01T06:06:41Z" finished-at="2019-02-01T06:06:41Z">
          <reporter-output>
          </reporter-output>
        </test-method> <!-- CloseBrowser -->
        <test-method status="PASS" signature="LaunchBrowser()[pri:0, instance:com.qa.questions.SelectClass@48eff760]" name="LaunchBrowser" is-config="true" duration-ms="3739" started-at="2019-02-01T06:06:41Z" finished-at="2019-02-01T06:06:44Z">
          <reporter-output>
          </reporter-output>
        </test-method> <!-- LaunchBrowser -->
        <test-method status="PASS" signature="MultipleDropDown()[pri:0, instance:com.qa.questions.SelectClass@48eff760]" name="MultipleDropDown" duration-ms="6534" started-at="2019-02-01T06:06:44Z" finished-at="2019-02-01T06:06:51Z">
          <reporter-output>
          </reporter-output>
        </test-method> <!-- MultipleDropDown -->
        <test-method status="PASS" signature="CloseBrowser()[pri:0, instance:com.qa.questions.SelectClass@48eff760]" name="CloseBrowser" is-config="true" duration-ms="373" started-at="2019-02-01T06:06:51Z" finished-at="2019-02-01T06:06:51Z">
          <reporter-output>
          </reporter-output>
        </test-method> <!-- CloseBrowser -->
      </class> <!-- com.qa.questions.SelectClass -->
      <class name="com.qa.questions.Asserttest">
        <test-method status="PASS" signature="LaunchBrowser()[pri:0, instance:com.qa.questions.Asserttest@1efbd816]" name="LaunchBrowser" is-config="true" duration-ms="7507" started-at="2019-02-01T06:03:29Z" finished-at="2019-02-01T06:03:36Z">
          <reporter-output>
          </reporter-output>
        </test-method> <!-- LaunchBrowser -->
        <test-method status="PASS" signature="assertcheck()[pri:0, instance:com.qa.questions.Asserttest@1efbd816]" name="assertcheck" duration-ms="5605" started-at="2019-02-01T06:03:36Z" finished-at="2019-02-01T06:03:42Z">
          <reporter-output>
          </reporter-output>
        </test-method> <!-- assertcheck -->
        <test-method status="PASS" signature="closeBrowser()[pri:0, instance:com.qa.questions.Asserttest@1efbd816]" name="closeBrowser" is-config="true" duration-ms="2594" started-at="2019-02-01T06:03:42Z" finished-at="2019-02-01T06:03:44Z">
          <reporter-output>
          </reporter-output>
        </test-method> <!-- closeBrowser -->
      </class> <!-- com.qa.questions.Asserttest -->
      <class name="com.qa.questions.exceptions">
        <test-method status="PASS" signature="LaunchBrowser()[pri:0, instance:com.qa.questions.exceptions@4de8b406]" name="LaunchBrowser" is-config="true" duration-ms="6235" started-at="2019-02-01T06:04:07Z" finished-at="2019-02-01T06:04:13Z">
          <reporter-output>
          </reporter-output>
        </test-method> <!-- LaunchBrowser -->
        <test-method status="FAIL" signature="ElementNotVisibleException()[pri:0, instance:com.qa.questions.exceptions@4de8b406]" name="ElementNotVisibleException" duration-ms="31422" started-at="2019-02-01T06:04:13Z" finished-at="2019-02-01T06:04:44Z">
          <exception class="org.openqa.selenium.ElementNotVisibleException">
            <message>
              <![CDATA[element not interactable  (Session info: chrome=71.0.3578.98)  (Driver info: chromedriver=2.45.615291 (ec3682e3c9061c10f26ea9e5cdcf3c53f3f74387),platform=Windows NT 10.0.17763 x86_64) (WARNING: The server did not provide any stacktrace information)Command duration or timeout: 0 millisecondsBuild info: version: '3.141.59', revision: 'e82be7d358', time: '2018-11-14T08:17:03'System info: host: 'DESKTOP-UNRQUMH', ip: '192.168.43.144', os.name: 'Windows 10', os.arch: 'amd64', os.version: '10.0', java.version: '1.8.0_191'Driver info: org.openqa.selenium.chrome.ChromeDriverCapabilities {acceptInsecureCerts: false, acceptSslCerts: false, applicationCacheEnabled: false, browserConnectionEnabled: false, browserName: chrome, chrome: {chromedriverVersion: 2.45.615291 (ec3682e3c9061c..., userDataDir: C:\Users\Zahid\AppData\Loca...}, cssSelectorsEnabled: true, databaseEnabled: false, goog:chromeOptions: {debuggerAddress: localhost:50805}, handlesAlerts: true, hasTouchScreen: false, javascriptEnabled: true, locationContextEnabled: true, mobileEmulationEnabled: false, nativeEvents: true, networkConnectionEnabled: false, pageLoadStrategy: normal, platform: XP, platformName: XP, proxy: Proxy(), rotatable: false, setWindowRect: true, strictFileInteractability: false, takesHeapSnapshot: true, takesScreenshot: true, timeouts: {implicit: 0, pageLoad: 300000, script: 30000}, unexpectedAlertBehaviour: ignore, unhandledPromptBehavior: ignore, version: 71.0.3578.98, webStorageEnabled: true}Session ID: 8dc4318f6eca3b122dde8271d1f5d0a9]]>
            </message>
            <full-stacktrace>
              <![CDATA[org.openqa.selenium.ElementNotVisibleException: element not interactable  (Session info: chrome=71.0.3578.98)  (Driver info: chromedriver=2.45.615291 (ec3682e3c9061c10f26ea9e5cdcf3c53f3f74387),platform=Windows NT 10.0.17763 x86_64) (WARNING: The server did not provide any stacktrace information)Command duration or timeout: 0 millisecondsBuild info: version: '3.141.59', revision: 'e82be7d358', time: '2018-11-14T08:17:03'System info: host: 'DESKTOP-UNRQUMH', ip: '192.168.43.144', os.name: 'Windows 10', os.arch: 'amd64', os.version: '10.0', java.version: '1.8.0_191'Driver info: org.openqa.selenium.chrome.ChromeDriverCapabilities {acceptInsecureCerts: false, acceptSslCerts: false, applicationCacheEnabled: false, browserConnectionEnabled: false, browserName: chrome, chrome: {chromedriverVersion: 2.45.615291 (ec3682e3c9061c..., userDataDir: C:\Users\Zahid\AppData\Loca...}, cssSelectorsEnabled: true, databaseEnabled: false, goog:chromeOptions: {debuggerAddress: localhost:50805}, handlesAlerts: true, hasTouchScreen: false, javascriptEnabled: true, locationContextEnabled: true, mobileEmulationEnabled: false, nativeEvents: true, networkConnectionEnabled: false, pageLoadStrategy: normal, platform: XP, platformName: XP, proxy: Proxy(), rotatable: false, setWindowRect: true, strictFileInteractability: false, takesHeapSnapshot: true, takesScreenshot: true, timeouts: {implicit: 0, pageLoad: 300000, script: 30000}, unexpectedAlertBehaviour: ignore, unhandledPromptBehavior: ignore, version: 71.0.3578.98, webStorageEnabled: true}Session ID: 8dc4318f6eca3b122dde8271d1f5d0a9at sun.reflect.NativeConstructorAccessorImpl.newInstance0(Native Method)at sun.reflect.NativeConstructorAccessorImpl.newInstance(Unknown Source)at sun.reflect.DelegatingConstructorAccessorImpl.newInstance(Unknown Source)at java.lang.reflect.Constructor.newInstance(Unknown Source)at org.openqa.selenium.remote.ErrorHandler.createThrowable(ErrorHandler.java:214)at org.openqa.selenium.remote.ErrorHandler.throwIfResponseFailed(ErrorHandler.java:166)at org.openqa.selenium.remote.http.JsonHttpResponseCodec.reconstructValue(JsonHttpResponseCodec.java:40)at org.openqa.selenium.remote.http.AbstractHttpResponseCodec.decode(AbstractHttpResponseCodec.java:80)at org.openqa.selenium.remote.http.AbstractHttpResponseCodec.decode(AbstractHttpResponseCodec.java:44)at org.openqa.selenium.remote.HttpCommandExecutor.execute(HttpCommandExecutor.java:158)at org.openqa.selenium.remote.service.DriverCommandExecutor.execute(DriverCommandExecutor.java:83)at org.openqa.selenium.remote.RemoteWebDriver.execute(RemoteWebDriver.java:552)at org.openqa.selenium.remote.RemoteWebElement.execute(RemoteWebElement.java:285)at org.openqa.selenium.remote.RemoteWebElement.click(RemoteWebElement.java:84)at com.qa.questions.exceptions.ElementNotVisibleException(exceptions.java:44)at sun.reflect.NativeMethodAccessorImpl.invoke0(Native Method)at sun.reflect.NativeMethodAccessorImpl.invoke(Unknown Source)at sun.reflect.DelegatingMethodAccessorImpl.invoke(Unknown Source)at java.lang.reflect.Method.invoke(Unknown Source)at org.testng.internal.MethodInvocationHelper.invokeMethod(MethodInvocationHelper.java:124)at org.testng.internal.Invoker.invokeMethod(Invoker.java:571)at org.testng.internal.Invoker.invokeTestMethod(Invoker.java:707)at org.testng.internal.Invoker.invokeTestMethods(Invoker.java:979)at org.testng.internal.TestMethodWorker.invokeTestMethods(TestMethodWorker.java:125)at org.testng.internal.TestMethodWorker.run(TestMethodWorker.java:109)at org.testng.TestRunner.privateRun(TestRunner.java:648)at org.testng.TestRunner.run(TestRunner.java:505)at org.testng.SuiteRunner.runTest(SuiteRunner.java:455)at org.testng.SuiteRunner.runSequentially(SuiteRunner.java:450)at org.testng.SuiteRunner.privateRun(SuiteRunner.java:415)at org.testng.SuiteRunner.run(SuiteRunner.java:364)at org.testng.SuiteRunnerWorker.runSuite(SuiteRunnerWorker.java:52)at org.testng.SuiteRunnerWorker.run(SuiteRunnerWorker.java:84)at org.testng.TestNG.runSuitesSequentially(TestNG.java:1187)at org.testng.TestNG.runSuitesLocally(TestNG.java:1116)at org.testng.TestNG.runSuites(TestNG.java:1028)at org.testng.TestNG.run(TestNG.java:996)at org.apache.maven.surefire.testng.TestNGExecutor.run(TestNGExecutor.java:295)at org.apache.maven.surefire.testng.TestNGXmlTestSuite.execute(TestNGXmlTestSuite.java:84)at org.apache.maven.surefire.testng.TestNGProvider.invoke(TestNGProvider.java:90)at org.apache.maven.surefire.booter.ForkedBooter.invokeProviderInSameClassLoader(ForkedBooter.java:203)at org.apache.maven.surefire.booter.ForkedBooter.runSuitesInProcess(ForkedBooter.java:155)at org.apache.maven.surefire.booter.ForkedBooter.main(ForkedBooter.java:103)]]>
            </full-stacktrace>
          </exception> <!-- org.openqa.selenium.ElementNotVisibleException -->
          <reporter-output>
          </reporter-output>
        </test-method> <!-- ElementNotVisibleException -->
        <test-method status="PASS" signature="CloseBrowser()[pri:0, instance:com.qa.questions.exceptions@4de8b406]" name="CloseBrowser" is-config="true" duration-ms="2425" started-at="2019-02-01T06:04:45Z" finished-at="2019-02-01T06:04:47Z">
          <reporter-output>
          </reporter-output>
        </test-method> <!-- CloseBrowser -->
        <test-method status="PASS" signature="LaunchBrowser()[pri:0, instance:com.qa.questions.exceptions@4de8b406]" name="LaunchBrowser" is-config="true" duration-ms="4855" started-at="2019-02-01T06:04:47Z" finished-at="2019-02-01T06:04:52Z">
          <reporter-output>
          </reporter-output>
        </test-method> <!-- LaunchBrowser -->
        <test-method status="FAIL" signature="NoSuchElementException()[pri:0, instance:com.qa.questions.exceptions@4de8b406]" name="NoSuchElementException" duration-ms="19209" started-at="2019-02-01T06:04:52Z" finished-at="2019-02-01T06:05:11Z">
          <exception class="org.openqa.selenium.NoSuchElementException">
            <message>
              <![CDATA[no such element: Unable to locate element: {"method":"xpath","selector":"//input[@placeholder="First Name123"]"}  (Session info: chrome=71.0.3578.98)  (Driver info: chromedriver=2.45.615291 (ec3682e3c9061c10f26ea9e5cdcf3c53f3f74387),platform=Windows NT 10.0.17763 x86_64) (WARNING: The server did not provide any stacktrace information)Command duration or timeout: 0 millisecondsFor documentation on this error, please visit: https://www.seleniumhq.org/exceptions/no_such_element.htmlBuild info: version: '3.141.59', revision: 'e82be7d358', time: '2018-11-14T08:17:03'System info: host: 'DESKTOP-UNRQUMH', ip: '192.168.43.144', os.name: 'Windows 10', os.arch: 'amd64', os.version: '10.0', java.version: '1.8.0_191'Driver info: org.openqa.selenium.chrome.ChromeDriverCapabilities {acceptInsecureCerts: false, acceptSslCerts: false, applicationCacheEnabled: false, browserConnectionEnabled: false, browserName: chrome, chrome: {chromedriverVersion: 2.45.615291 (ec3682e3c9061c..., userDataDir: C:\Users\Zahid\AppData\Loca...}, cssSelectorsEnabled: true, databaseEnabled: false, goog:chromeOptions: {debuggerAddress: localhost:50884}, handlesAlerts: true, hasTouchScreen: false, javascriptEnabled: true, locationContextEnabled: true, mobileEmulationEnabled: false, nativeEvents: true, networkConnectionEnabled: false, pageLoadStrategy: normal, platform: XP, platformName: XP, proxy: Proxy(), rotatable: false, setWindowRect: true, strictFileInteractability: false, takesHeapSnapshot: true, takesScreenshot: true, timeouts: {implicit: 0, pageLoad: 300000, script: 30000}, unexpectedAlertBehaviour: ignore, unhandledPromptBehavior: ignore, version: 71.0.3578.98, webStorageEnabled: true}Session ID: c888980efb6644453b02636bfee812ea*** Element info: {Using=xpath, value=//input[@placeholder="First Name123"]}]]>
            </message>
            <full-stacktrace>
              <![CDATA[org.openqa.selenium.NoSuchElementException: no such element: Unable to locate element: {"method":"xpath","selector":"//input[@placeholder="First Name123"]"}  (Session info: chrome=71.0.3578.98)  (Driver info: chromedriver=2.45.615291 (ec3682e3c9061c10f26ea9e5cdcf3c53f3f74387),platform=Windows NT 10.0.17763 x86_64) (WARNING: The server did not provide any stacktrace information)Command duration or timeout: 0 millisecondsFor documentation on this error, please visit: https://www.seleniumhq.org/exceptions/no_such_element.htmlBuild info: version: '3.141.59', revision: 'e82be7d358', time: '2018-11-14T08:17:03'System info: host: 'DESKTOP-UNRQUMH', ip: '192.168.43.144', os.name: 'Windows 10', os.arch: 'amd64', os.version: '10.0', java.version: '1.8.0_191'Driver info: org.openqa.selenium.chrome.ChromeDriverCapabilities {acceptInsecureCerts: false, acceptSslCerts: false, applicationCacheEnabled: false, browserConnectionEnabled: false, browserName: chrome, chrome: {chromedriverVersion: 2.45.615291 (ec3682e3c9061c..., userDataDir: C:\Users\Zahid\AppData\Loca...}, cssSelectorsEnabled: true, databaseEnabled: false, goog:chromeOptions: {debuggerAddress: localhost:50884}, handlesAlerts: true, hasTouchScreen: false, javascriptEnabled: true, locationContextEnabled: true, mobileEmulationEnabled: false, nativeEvents: true, networkConnectionEnabled: false, pageLoadStrategy: normal, platform: XP, platformName: XP, proxy: Proxy(), rotatable: false, setWindowRect: true, strictFileInteractability: false, takesHeapSnapshot: true, takesScreenshot: true, timeouts: {implicit: 0, pageLoad: 300000, script: 30000}, unexpectedAlertBehaviour: ignore, unhandledPromptBehavior: ignore, version: 71.0.3578.98, webStorageEnabled: true}Session ID: c888980efb6644453b02636bfee812ea*** Element info: {Using=xpath, value=//input[@placeholder="First Name123"]}at sun.reflect.NativeConstructorAccessorImpl.newInstance0(Native Method)at sun.reflect.NativeConstructorAccessorImpl.newInstance(Unknown Source)at sun.reflect.DelegatingConstructorAccessorImpl.newInstance(Unknown Source)at java.lang.reflect.Constructor.newInstance(Unknown Source)at org.openqa.selenium.remote.ErrorHandler.createThrowable(ErrorHandler.java:214)at org.openqa.selenium.remote.ErrorHandler.throwIfResponseFailed(ErrorHandler.java:166)at org.openqa.selenium.remote.http.JsonHttpResponseCodec.reconstructValue(JsonHttpResponseCodec.java:40)at org.openqa.selenium.remote.http.AbstractHttpResponseCodec.decode(AbstractHttpResponseCodec.java:80)at org.openqa.selenium.remote.http.AbstractHttpResponseCodec.decode(AbstractHttpResponseCodec.java:44)at org.openqa.selenium.remote.HttpCommandExecutor.execute(HttpCommandExecutor.java:158)at org.openqa.selenium.remote.service.DriverCommandExecutor.execute(DriverCommandExecutor.java:83)at org.openqa.selenium.remote.RemoteWebDriver.execute(RemoteWebDriver.java:552)at org.openqa.selenium.remote.RemoteWebDriver.findElement(RemoteWebDriver.java:323)at org.openqa.selenium.remote.RemoteWebDriver.findElementByXPath(RemoteWebDriver.java:428)at org.openqa.selenium.By$ByXPath.findElement(By.java:353)at org.openqa.selenium.remote.RemoteWebDriver.findElement(RemoteWebDriver.java:315)at com.qa.questions.exceptions.NoSuchElementException(exceptions.java:32)at sun.reflect.NativeMethodAccessorImpl.invoke0(Native Method)at sun.reflect.NativeMethodAccessorImpl.invoke(Unknown Source)at sun.reflect.DelegatingMethodAccessorImpl.invoke(Unknown Source)at java.lang.reflect.Method.invoke(Unknown Source)at org.testng.internal.MethodInvocationHelper.invokeMethod(MethodInvocationHelper.java:124)at org.testng.internal.Invoker.invokeMethod(Invoker.java:571)at org.testng.internal.Invoker.invokeTestMethod(Invoker.java:707)at org.testng.internal.Invoker.invokeTestMethods(Invoker.java:979)at org.testng.internal.TestMethodWorker.invokeTestMethods(TestMethodWorker.java:125)at org.testng.internal.TestMethodWorker.run(TestMethodWorker.java:109)at org.testng.TestRunner.privateRun(TestRunner.java:648)at org.testng.TestRunner.run(TestRunner.java:505)at org.testng.SuiteRunner.runTest(SuiteRunner.java:455)at org.testng.SuiteRunner.runSequentially(SuiteRunner.java:450)at org.testng.SuiteRunner.privateRun(SuiteRunner.java:415)at org.testng.SuiteRunner.run(SuiteRunner.java:364)at org.testng.SuiteRunnerWorker.runSuite(SuiteRunnerWorker.java:52)at org.testng.SuiteRunnerWorker.run(SuiteRunnerWorker.java:84)at org.testng.TestNG.runSuitesSequentially(TestNG.java:1187)at org.testng.TestNG.runSuitesLocally(TestNG.java:1116)at org.testng.TestNG.runSuites(TestNG.java:1028)at org.testng.TestNG.run(TestNG.java:996)at org.apache.maven.surefire.testng.TestNGExecutor.run(TestNGExecutor.java:295)at org.apache.maven.surefire.testng.TestNGXmlTestSuite.execute(TestNGXmlTestSuite.java:84)at org.apache.maven.surefire.testng.TestNGProvider.invoke(TestNGProvider.java:90)at org.apache.maven.surefire.booter.ForkedBooter.invokeProviderInSameClassLoader(ForkedBooter.java:203)at org.apache.maven.surefire.booter.ForkedBooter.runSuitesInProcess(ForkedBooter.java:155)at org.apache.maven.surefire.booter.ForkedBooter.main(ForkedBooter.java:103)]]>
            </full-stacktrace>
          </exception> <!-- org.openqa.selenium.NoSuchElementException -->
          <reporter-output>
          </reporter-output>
        </test-method> <!-- NoSuchElementException -->
        <test-method status="PASS" signature="CloseBrowser()[pri:0, instance:com.qa.questions.exceptions@4de8b406]" name="CloseBrowser" is-config="true" duration-ms="2365" started-at="2019-02-01T06:05:11Z" finished-at="2019-02-01T06:05:13Z">
          <reporter-output>
          </reporter-output>
        </test-method> <!-- CloseBrowser -->
        <test-method status="PASS" signature="LaunchBrowser()[pri:0, instance:com.qa.questions.exceptions@4de8b406]" name="LaunchBrowser" is-config="true" duration-ms="4117" started-at="2019-02-01T06:05:13Z" finished-at="2019-02-01T06:05:18Z">
          <reporter-output>
          </reporter-output>
        </test-method> <!-- LaunchBrowser -->
        <test-method status="FAIL" signature="NoSuchFrameException()[pri:0, instance:com.qa.questions.exceptions@4de8b406]" name="NoSuchFrameException" duration-ms="30587" started-at="2019-02-01T06:05:18Z" finished-at="2019-02-01T06:05:48Z">
          <exception class="org.openqa.selenium.NoSuchFrameException">
            <message>
              <![CDATA[No frame element found by name or id xyzBuild info: version: '3.141.59', revision: 'e82be7d358', time: '2018-11-14T08:17:03'System info: host: 'DESKTOP-UNRQUMH', ip: '192.168.43.144', os.name: 'Windows 10', os.arch: 'amd64', os.version: '10.0', java.version: '1.8.0_191'Driver info: driver.version: unknown]]>
            </message>
            <full-stacktrace>
              <![CDATA[org.openqa.selenium.NoSuchFrameException: No frame element found by name or id xyzBuild info: version: '3.141.59', revision: 'e82be7d358', time: '2018-11-14T08:17:03'System info: host: 'DESKTOP-UNRQUMH', ip: '192.168.43.144', os.name: 'Windows 10', os.arch: 'amd64', os.version: '10.0', java.version: '1.8.0_191'Driver info: driver.version: unknownat org.openqa.selenium.remote.RemoteWebDriver$RemoteTargetLocator.frame(RemoteWebDriver.java:885)at com.qa.questions.exceptions.NoSuchFrameException(exceptions.java:56)at sun.reflect.NativeMethodAccessorImpl.invoke0(Native Method)at sun.reflect.NativeMethodAccessorImpl.invoke(Unknown Source)at sun.reflect.DelegatingMethodAccessorImpl.invoke(Unknown Source)at java.lang.reflect.Method.invoke(Unknown Source)at org.testng.internal.MethodInvocationHelper.invokeMethod(MethodInvocationHelper.java:124)at org.testng.internal.Invoker.invokeMethod(Invoker.java:571)at org.testng.internal.Invoker.invokeTestMethod(Invoker.java:707)at org.testng.internal.Invoker.invokeTestMethods(Invoker.java:979)at org.testng.internal.TestMethodWorker.invokeTestMethods(TestMethodWorker.java:125)at org.testng.internal.TestMethodWorker.run(TestMethodWorker.java:109)at org.testng.TestRunner.privateRun(TestRunner.java:648)at org.testng.TestRunner.run(TestRunner.java:505)at org.testng.SuiteRunner.runTest(SuiteRunner.java:455)at org.testng.SuiteRunner.runSequentially(SuiteRunner.java:450)at org.testng.SuiteRunner.privateRun(SuiteRunner.java:415)at org.testng.SuiteRunner.run(SuiteRunner.java:364)at org.testng.SuiteRunnerWorker.runSuite(SuiteRunnerWorker.java:52)at org.testng.SuiteRunnerWorker.run(SuiteRunnerWorker.java:84)at org.testng.TestNG.runSuitesSequentially(TestNG.java:1187)at org.testng.TestNG.runSuitesLocally(TestNG.java:1116)at org.testng.TestNG.runSuites(TestNG.java:1028)at org.testng.TestNG.run(TestNG.java:996)at org.apache.maven.surefire.testng.TestNGExecutor.run(TestNGExecutor.java:295)at org.apache.maven.surefire.testng.TestNGXmlTestSuite.execute(TestNGXmlTestSuite.java:84)at org.apache.maven.surefire.testng.TestNGProvider.invoke(TestNGProvider.java:90)at org.apache.maven.surefire.booter.ForkedBooter.invokeProviderInSameClassLoader(ForkedBooter.java:203)at org.apache.maven.surefire.booter.ForkedBooter.runSuitesInProcess(ForkedBooter.java:155)at org.apache.maven.surefire.booter.ForkedBooter.main(ForkedBooter.java:103)]]>
            </full-stacktrace>
          </exception> <!-- org.openqa.selenium.NoSuchFrameException -->
          <reporter-output>
          </reporter-output>
        </test-method> <!-- NoSuchFrameException -->
        <test-method status="PASS" signature="CloseBrowser()[pri:0, instance:com.qa.questions.exceptions@4de8b406]" name="CloseBrowser" is-config="true" duration-ms="2368" started-at="2019-02-01T06:05:48Z" finished-at="2019-02-01T06:05:51Z">
          <reporter-output>
          </reporter-output>
        </test-method> <!-- CloseBrowser -->
        <test-method status="PASS" signature="LaunchBrowser()[pri:0, instance:com.qa.questions.exceptions@4de8b406]" name="LaunchBrowser" is-config="true" duration-ms="4566" started-at="2019-02-01T06:05:51Z" finished-at="2019-02-01T06:05:55Z">
          <reporter-output>
          </reporter-output>
        </test-method> <!-- LaunchBrowser -->
        <test-method status="PASS" signature="StaleElementRefereneException()[pri:0, instance:com.qa.questions.exceptions@4de8b406]" name="StaleElementRefereneException" duration-ms="28981" started-at="2019-02-01T06:05:55Z" finished-at="2019-02-01T06:06:24Z">
          <reporter-output>
          </reporter-output>
        </test-method> <!-- StaleElementRefereneException -->
        <test-method status="PASS" signature="CloseBrowser()[pri:0, instance:com.qa.questions.exceptions@4de8b406]" name="CloseBrowser" is-config="true" duration-ms="563" started-at="2019-02-01T06:06:24Z" finished-at="2019-02-01T06:06:25Z">
          <reporter-output>
          </reporter-output>
        </test-method> <!-- CloseBrowser -->
      </class> <!-- com.qa.questions.exceptions -->
      <class name="com.qa.questions.WebTableHandle">
        <test-method status="PASS" signature="setup()[pri:0, instance:com.qa.questions.WebTableHandle@573f2bb1]" name="setup" is-config="true" duration-ms="6994" started-at="2019-02-01T06:08:10Z" finished-at="2019-02-01T06:08:17Z">
          <reporter-output>
          </reporter-output>
        </test-method> <!-- setup -->
        <test-method status="PASS" signature="dynamicwebelementMethod2()[pri:0, instance:com.qa.questions.WebTableHandle@573f2bb1]" name="dynamicwebelementMethod2" duration-ms="3564" started-at="2019-02-01T06:08:17Z" finished-at="2019-02-01T06:08:20Z">
          <reporter-output>
          </reporter-output>
        </test-method> <!-- dynamicwebelementMethod2 -->
        <test-method status="PASS" signature="tearDown()[pri:0, instance:com.qa.questions.WebTableHandle@573f2bb1]" name="tearDown" is-config="true" duration-ms="385" started-at="2019-02-01T06:08:20Z" finished-at="2019-02-01T06:08:20Z">
          <reporter-output>
          </reporter-output>
        </test-method> <!-- tearDown -->
        <test-method status="PASS" signature="setup()[pri:0, instance:com.qa.questions.WebTableHandle@573f2bb1]" name="setup" is-config="true" duration-ms="4064" started-at="2019-02-01T06:08:20Z" finished-at="2019-02-01T06:08:25Z">
          <reporter-output>
          </reporter-output>
        </test-method> <!-- setup -->
        <test-method status="PASS" signature="webtable()[pri:0, instance:com.qa.questions.WebTableHandle@573f2bb1]" name="webtable" duration-ms="8738" started-at="2019-02-01T06:08:25Z" finished-at="2019-02-01T06:08:33Z">
          <reporter-output>
          </reporter-output>
        </test-method> <!-- webtable -->
        <test-method status="PASS" signature="tearDown()[pri:0, instance:com.qa.questions.WebTableHandle@573f2bb1]" name="tearDown" is-config="true" duration-ms="2398" started-at="2019-02-01T06:08:33Z" finished-at="2019-02-01T06:08:36Z">
          <reporter-output>
          </reporter-output>
        </test-method> <!-- tearDown -->
      </class> <!-- com.qa.questions.WebTableHandle -->
      <class name="com.qa.questions.Log4jAPI">
        <test-method status="PASS" signature="LaunchBrowser()[pri:0, instance:com.qa.questions.Log4jAPI@7c0e2abd]" name="LaunchBrowser" duration-ms="4352" started-at="2019-02-01T06:06:25Z" finished-at="2019-02-01T06:06:29Z">
          <reporter-output>
          </reporter-output>
        </test-method> <!-- LaunchBrowser -->
        <test-method status="PASS" signature="TearDown()[pri:0, instance:com.qa.questions.Log4jAPI@7c0e2abd]" name="TearDown" duration-ms="178" started-at="2019-02-01T06:06:29Z" finished-at="2019-02-01T06:06:29Z">
          <reporter-output>
          </reporter-output>
        </test-method> <!-- TearDown -->
      </class> <!-- com.qa.questions.Log4jAPI -->
      <class name="com.qa.questions.SwitchToWindow">
        <test-method status="PASS" signature="LaunchBrowser()[pri:0, instance:com.qa.questions.SwitchToWindow@402f32ff]" name="LaunchBrowser" is-config="true" duration-ms="4493" started-at="2019-02-01T06:06:51Z" finished-at="2019-02-01T06:06:56Z">
          <reporter-output>
          </reporter-output>
        </test-method> <!-- LaunchBrowser -->
        <test-method status="FAIL" signature="BrowserPopUp()[pri:0, instance:com.qa.questions.SwitchToWindow@402f32ff]" name="BrowserPopUp" duration-ms="2797" started-at="2019-02-01T06:06:56Z" finished-at="2019-02-01T06:06:59Z">
          <exception class="java.util.NoSuchElementException">
            <full-stacktrace>
              <![CDATA[java.util.NoSuchElementExceptionat java.util.LinkedHashMap$LinkedHashIterator.nextNode(Unknown Source)at java.util.LinkedHashMap$LinkedKeyIterator.next(Unknown Source)at com.qa.questions.SwitchToWindow.BrowserPopUp(SwitchToWindow.java:53)at sun.reflect.NativeMethodAccessorImpl.invoke0(Native Method)at sun.reflect.NativeMethodAccessorImpl.invoke(Unknown Source)at sun.reflect.DelegatingMethodAccessorImpl.invoke(Unknown Source)at java.lang.reflect.Method.invoke(Unknown Source)at org.testng.internal.MethodInvocationHelper.invokeMethod(MethodInvocationHelper.java:124)at org.testng.internal.Invoker.invokeMethod(Invoker.java:571)at org.testng.internal.Invoker.invokeTestMethod(Invoker.java:707)at org.testng.internal.Invoker.invokeTestMethods(Invoker.java:979)at org.testng.internal.TestMethodWorker.invokeTestMethods(TestMethodWorker.java:125)at org.testng.internal.TestMethodWorker.run(TestMethodWorker.java:109)at org.testng.TestRunner.privateRun(TestRunner.java:648)at org.testng.TestRunner.run(TestRunner.java:505)at org.testng.SuiteRunner.runTest(SuiteRunner.java:455)at org.testng.SuiteRunner.runSequentially(SuiteRunner.java:450)at org.testng.SuiteRunner.privateRun(SuiteRunner.java:415)at org.testng.SuiteRunner.run(SuiteRunner.java:364)at org.testng.SuiteRunnerWorker.runSuite(SuiteRunnerWorker.java:52)at org.testng.SuiteRunnerWorker.run(SuiteRunnerWorker.java:84)at org.testng.TestNG.runSuitesSequentially(TestNG.java:1187)at org.testng.TestNG.runSuitesLocally(TestNG.java:1116)at org.testng.TestNG.runSuites(TestNG.java:1028)at org.testng.TestNG.run(TestNG.java:996)at org.apache.maven.surefire.testng.TestNGExecutor.run(TestNGExecutor.java:295)at org.apache.maven.surefire.testng.TestNGXmlTestSuite.execute(TestNGXmlTestSuite.java:84)at org.apache.maven.surefire.testng.TestNGProvider.invoke(TestNGProvider.java:90)at org.apache.maven.surefire.booter.ForkedBooter.invokeProviderInSameClassLoader(ForkedBooter.java:203)at org.apache.maven.surefire.booter.ForkedBooter.runSuitesInProcess(ForkedBooter.java:155)at org.apache.maven.surefire.booter.ForkedBooter.main(ForkedBooter.java:103)]]>
            </full-stacktrace>
          </exception> <!-- java.util.NoSuchElementException -->
          <reporter-output>
          </reporter-output>
        </test-method> <!-- BrowserPopUp -->
        <test-method status="PASS" signature="LaunchBrowser()[pri:0, instance:com.qa.questions.SwitchToWindow@402f32ff]" name="LaunchBrowser" is-config="true" duration-ms="8623" started-at="2019-02-01T06:06:59Z" finished-at="2019-02-01T06:07:07Z">
          <reporter-output>
          </reporter-output>
        </test-method> <!-- LaunchBrowser -->
        <test-method status="PASS" signature="BrowserTab()[pri:0, instance:com.qa.questions.SwitchToWindow@402f32ff]" name="BrowserTab" duration-ms="13589" started-at="2019-02-01T06:07:07Z" finished-at="2019-02-01T06:07:21Z">
          <reporter-output>
          </reporter-output>
        </test-method> <!-- BrowserTab -->
        <test-method status="PASS" signature="LaunchBrowser()[pri:0, instance:com.qa.questions.SwitchToWindow@402f32ff]" name="LaunchBrowser" is-config="true" duration-ms="5409" started-at="2019-02-01T06:07:21Z" finished-at="2019-02-01T06:07:26Z">
          <reporter-output>
          </reporter-output>
        </test-method> <!-- LaunchBrowser -->
        <test-method status="PASS" signature="FileUploadWindow()[pri:0, instance:com.qa.questions.SwitchToWindow@402f32ff]" name="FileUploadWindow" duration-ms="6523" started-at="2019-02-01T06:07:26Z" finished-at="2019-02-01T06:07:33Z">
          <reporter-output>
          </reporter-output>
        </test-method> <!-- FileUploadWindow -->
        <test-method status="PASS" signature="LaunchBrowser()[pri:0, instance:com.qa.questions.SwitchToWindow@402f32ff]" name="LaunchBrowser" is-config="true" duration-ms="7874" started-at="2019-02-01T06:07:33Z" finished-at="2019-02-01T06:07:41Z">
          <reporter-output>
          </reporter-output>
        </test-method> <!-- LaunchBrowser -->
        <test-method status="PASS" signature="JavaAlert()[pri:0, instance:com.qa.questions.SwitchToWindow@402f32ff]" name="JavaAlert" duration-ms="5444" started-at="2019-02-01T06:07:41Z" finished-at="2019-02-01T06:07:46Z">
          <reporter-output>
          </reporter-output>
        </test-method> <!-- JavaAlert -->
        <test-method status="PASS" signature="LaunchBrowser()[pri:0, instance:com.qa.questions.SwitchToWindow@402f32ff]" name="LaunchBrowser" is-config="true" duration-ms="3996" started-at="2019-02-01T06:07:46Z" finished-at="2019-02-01T06:07:50Z">
          <reporter-output>
          </reporter-output>
        </test-method> <!-- LaunchBrowser -->
        <test-method status="PASS" signature="frames()[pri:0, instance:com.qa.questions.SwitchToWindow@402f32ff]" name="frames" duration-ms="19444" started-at="2019-02-01T06:07:50Z" finished-at="2019-02-01T06:08:10Z">
          <reporter-output>
          </reporter-output>
        </test-method> <!-- frames -->
      </class> <!-- com.qa.questions.SwitchToWindow -->
      <class name="com.qa.questions.DataDriven">
        <test-method status="PASS" signature="setup()[pri:0, instance:com.qa.questions.DataDriven@6a2bcfcb]" name="setup" is-config="true" duration-ms="8699" started-at="2019-02-01T06:03:48Z" finished-at="2019-02-01T06:03:56Z">
          <reporter-output>
          </reporter-output>
        </test-method> <!-- setup -->
        <test-method status="PASS" signature="mytest(java.lang.String, java.lang.String)[pri:0, instance:com.qa.questions.DataDriven@6a2bcfcb]" name="mytest" duration-ms="716" started-at="2019-02-01T06:03:56Z" data-provider="getTestData" finished-at="2019-02-01T06:03:57Z">
          <params>
            <param index="0">
              <value>
                <![CDATA[zahidsye@gmail.com]]>
              </value>
            </param>
            <param index="1">
              <value>
                <![CDATA[Hello@123]]>
              </value>
            </param>
          </params>
          <reporter-output>
          </reporter-output>
        </test-method> <!-- mytest -->
        <test-method status="PASS" signature="tearDown()[pri:0, instance:com.qa.questions.DataDriven@6a2bcfcb]" name="tearDown" is-config="true" duration-ms="170" started-at="2019-02-01T06:03:57Z" finished-at="2019-02-01T06:03:57Z">
          <reporter-output>
          </reporter-output>
        </test-method> <!-- tearDown -->
        <test-method status="PASS" signature="setup()[pri:0, instance:com.qa.questions.DataDriven@6a2bcfcb]" name="setup" is-config="true" duration-ms="8717" started-at="2019-02-01T06:03:57Z" finished-at="2019-02-01T06:04:06Z">
          <reporter-output>
          </reporter-output>
        </test-method> <!-- setup -->
        <test-method status="PASS" signature="mytest(java.lang.String, java.lang.String)[pri:0, instance:com.qa.questions.DataDriven@6a2bcfcb]" name="mytest" duration-ms="687" started-at="2019-02-01T06:04:06Z" data-provider="getTestData" finished-at="2019-02-01T06:04:07Z">
          <params>
            <param index="0">
              <value>
                <![CDATA[syed_hussain@hcl.com]]>
              </value>
            </param>
            <param index="1">
              <value>
                <![CDATA[hhhjjj]]>
              </value>
            </param>
          </params>
          <reporter-output>
          </reporter-output>
        </test-method> <!-- mytest -->
        <test-method status="PASS" signature="tearDown()[pri:0, instance:com.qa.questions.DataDriven@6a2bcfcb]" name="tearDown" is-config="true" duration-ms="122" started-at="2019-02-01T06:04:07Z" finished-at="2019-02-01T06:04:07Z">
          <reporter-output>
          </reporter-output>
        </test-method> <!-- tearDown -->
      </class> <!-- com.qa.questions.DataDriven -->
    </test> <!-- Test -->
  </suite> <!-- Suite -->
</testng-results>
